<?xml version="1.0" encoding="UTF-8"?>
<testng-results skipped="0" failed="0" ignored="0" total="2" passed="2">
  <reporter-output>
  </reporter-output>
  <suite name="Default suite" duration-ms="78" started-at="2022-07-26T17:49:14 IST" finished-at="2022-07-26T17:49:14 IST">
    <groups>
    </groups>
    <test name="Default test" duration-ms="78" started-at="2022-07-26T17:49:14 IST" finished-at="2022-07-26T17:49:14 IST">
      <class name="TestNGListeners.TestCases">
        <test-method status="PASS" signature="Login()[pri:0, instance:TestNGListeners.TestCases@4232c52b]" name="Login" duration-ms="13" started-at="2022-07-26T17:49:14 IST" finished-at="2022-07-26T17:49:14 IST">
          <reporter-output>
          </reporter-output>
        </test-method> <!-- Login -->
        <test-method status="PASS" signature="TestToFail()[pri:0, instance:TestNGListeners.TestCases@4232c52b]" name="TestToFail" duration-ms="3" started-at="2022-07-26T17:49:14 IST" finished-at="2022-07-26T17:49:14 IST">
          <reporter-output>
          </reporter-output>
        </test-method> <!-- TestToFail -->
      </class> <!-- TestNGListeners.TestCases -->
    </test> <!-- Default test -->
  </suite> <!-- Default suite -->
</testng-results>
